d:\projekty\praca magisterska\visual studio\praca magisterska\praca magisterska\debug\vc120.pdb
d:\projekty\praca magisterska\visual studio\praca magisterska\praca magisterska\debug\vc120.idb
d:\projekty\praca magisterska\visual studio\praca magisterska\praca magisterska\debug\matrix.obj
d:\projekty\praca magisterska\visual studio\praca magisterska\praca magisterska\debug\file_tsp.obj
d:\projekty\praca magisterska\visual studio\praca magisterska\praca magisterska\debug\display_data_type.obj
d:\projekty\praca magisterska\visual studio\praca magisterska\praca magisterska\debug\edge_data_format.obj
d:\projekty\praca magisterska\visual studio\praca magisterska\praca magisterska\debug\edge_weight_format.obj
d:\projekty\praca magisterska\visual studio\praca magisterska\praca magisterska\debug\edge_weight_type.obj
d:\projekty\praca magisterska\visual studio\praca magisterska\praca magisterska\debug\node_coord_type.obj
d:\projekty\praca magisterska\visual studio\praca magisterska\praca magisterska\debug\type.obj
d:\projekty\praca magisterska\visual studio\praca magisterska\praca magisterska\debug\node_coord_factory.obj
d:\projekty\praca magisterska\visual studio\praca magisterska\praca magisterska\debug\node_coord_two_coords.obj
d:\projekty\praca magisterska\visual studio\praca magisterska\praca magisterska\debug\vrp_paths.obj
d:\projekty\praca magisterska\visual studio\praca magisterska\praca magisterska\debug\mai.obj
d:\projekty\praca magisterska\visual studio\praca magisterska\debug\praca magisterska.ilk
d:\projekty\praca magisterska\visual studio\praca magisterska\debug\praca magisterska.exe
d:\projekty\praca magisterska\visual studio\praca magisterska\debug\praca magisterska.pdb
d:\projekty\praca magisterska\visual studio\praca magisterska\praca magisterska\debug\praca ma.e8294953.tlog\cl.command.1.tlog
d:\projekty\praca magisterska\visual studio\praca magisterska\praca magisterska\debug\praca ma.e8294953.tlog\cl.read.1.tlog
d:\projekty\praca magisterska\visual studio\praca magisterska\praca magisterska\debug\praca ma.e8294953.tlog\cl.write.1.tlog
d:\projekty\praca magisterska\visual studio\praca magisterska\praca magisterska\debug\praca ma.e8294953.tlog\link.command.1.tlog
d:\projekty\praca magisterska\visual studio\praca magisterska\praca magisterska\debug\praca ma.e8294953.tlog\link.read.1.tlog
d:\projekty\praca magisterska\visual studio\praca magisterska\praca magisterska\debug\praca ma.e8294953.tlog\link.write.1.tlog
